<?xml version="1.0" encoding="UTF-8"?>
<!-- Generated by org.testng.reporters.JUnitReportReporter -->
<testsuite hostname="NARUTO" failures="0" tests="1" name="com.test.actitime.NewFacebookAccount" time="44.232" errors="0" timestamp="27 Jul 2022 16:24:05 GMT" skipped="0">
  <testcase classname="com.test.actitime.NewFacebookAccount" name="newfb" time="44.232"/>
</testsuite> <!-- com.test.actitime.NewFacebookAccount -->
