<?xml version="1.0" encoding="UTF-8"?>
<!-- Generated by org.testng.reporters.JUnitReportReporter -->
<testsuite hostname="NARUTO" failures="0" tests="1" name="com.test.actitime.selenium" time="0.017" errors="0" timestamp="02 Aug 2022 16:30:31 GMT" skipped="0">
  <testcase classname="com.test.actitime.selenium" name="selen" time="0.017"/>
</testsuite> <!-- com.test.actitime.selenium -->
