<?xml version="1.0" encoding="UTF-8"?>
<!-- Generated by org.testng.reporters.JUnitReportReporter -->
<testsuite hostname="NARUTO" failures="0" tests="1" name="com.test.actitime.LoginCreateATypeofWorkLogout" time="57.370" errors="0" timestamp="22 Jul 2022 10:31:22 GMT" skipped="0">
  <testcase classname="com.test.actitime.LoginCreateATypeofWorkLogout" name="creatework" time="57.370"/>
</testsuite> <!-- com.test.actitime.LoginCreateATypeofWorkLogout -->
